[0;34m[2025-11-26 16:50:25][0m =========================================
[0;34m[2025-11-26 16:50:25][0m DATABASE MIGRATION STARTED
[0;34m[2025-11-26 16:50:25][0m =========================================
[0;34m[2025-11-26 16:50:25][0m Source: 157.10.73.82:5432/plp_contract_agreement
[0;34m[2025-11-26 16:50:25][0m Destination: 192.168.155.122:5432/ped_contract_agreement_web
[0;34m[2025-11-26 16:50:25][0m =========================================
[0;34m[2025-11-26 16:50:25][0m Step 1/7: Testing SOURCE database connection...
  status   
-----------
 Connected
(1 row)

[0;32m[2025-11-26 16:50:26] ✓[0m Source database connected. Tables found:     26
[0;34m[2025-11-26 16:50:26][0m Step 2/7: Testing DESTINATION database connection...
  status   
-----------
 Connected
(1 row)

[0;32m[2025-11-26 16:50:26] ✓[0m Destination database connected
[0;34m[2025-11-26 16:50:26][0m Step 3/7: Creating database dump from SOURCE...
[0;34m[2025-11-26 16:50:26][0m Dump file: /Users/chhinhsovath/Documents/GitHub/plp-contract-agreement/backups/migration_20251126_165025.sql
[0;32m[2025-11-26 16:50:27] ✓[0m Database dump created successfully. Size: 9.4M
[0;34m[2025-11-26 16:50:27][0m Step 4/7: Getting source database statistics...
[0;32m[2025-11-26 16:50:28] ✓[0m Source total rows:  744
[0;34m[2025-11-26 16:50:28][0m Step 5/7: Restoring database to DESTINATION...
[1;33m[2025-11-26 16:50:28] ⚠[0m This will DROP existing tables and recreate them...
SET
SET
SET
SET
SET
 set_config 
------------
 
(1 row)

SET
SET
SET
SET
ALTER TABLE
ALTER TABLE
ALTER TABLE
ALTER TABLE
ALTER TABLE
ALTER TABLE
ALTER TABLE
ALTER TABLE
ALTER TABLE
ALTER TABLE
ALTER TABLE
ALTER TABLE
ALTER TABLE
ALTER TABLE
ALTER TABLE
ALTER TABLE
ALTER TABLE
ALTER TABLE
ALTER TABLE
ALTER TABLE
ALTER TABLE
ALTER TABLE
ALTER TABLE
ALTER TABLE
ALTER TABLE
ALTER TABLE
ALTER TABLE
DROP INDEX
DROP INDEX
DROP INDEX
DROP INDEX
DROP INDEX
DROP INDEX
DROP INDEX
DROP INDEX
DROP INDEX
DROP INDEX
DROP INDEX
DROP INDEX
DROP INDEX
DROP INDEX
DROP INDEX
DROP INDEX
DROP INDEX
DROP INDEX
DROP INDEX
DROP INDEX
DROP INDEX
DROP INDEX
DROP INDEX
DROP INDEX
DROP INDEX
DROP INDEX
DROP INDEX
DROP INDEX
DROP INDEX
DROP INDEX
DROP INDEX
DROP INDEX
DROP INDEX
DROP INDEX
DROP INDEX
DROP INDEX
DROP INDEX
DROP INDEX
DROP INDEX
DROP INDEX
DROP INDEX
DROP INDEX
DROP INDEX
DROP INDEX
DROP INDEX
DROP INDEX
DROP INDEX
DROP INDEX
DROP INDEX
DROP INDEX
DROP INDEX
DROP INDEX
DROP INDEX
DROP INDEX
DROP INDEX
DROP INDEX
DROP INDEX
DROP INDEX
ALTER TABLE
ALTER TABLE
ALTER TABLE
ALTER TABLE
ALTER TABLE
ALTER TABLE
ALTER TABLE
ALTER TABLE
ALTER TABLE
ALTER TABLE
ALTER TABLE
ALTER TABLE
ALTER TABLE
ALTER TABLE
ALTER TABLE
ALTER TABLE
ALTER TABLE
ALTER TABLE
ALTER TABLE
ALTER TABLE
ALTER TABLE
ALTER TABLE
ALTER TABLE
ALTER TABLE
ALTER TABLE
ALTER TABLE
ALTER TABLE
ALTER TABLE
ALTER TABLE
ALTER TABLE
ALTER TABLE
ALTER TABLE
ALTER TABLE
ALTER TABLE
ALTER TABLE
ALTER TABLE
ALTER TABLE
ALTER TABLE
ALTER TABLE
ALTER TABLE
ALTER TABLE
ALTER TABLE
ALTER TABLE
ALTER TABLE
ALTER TABLE
ALTER TABLE
ALTER TABLE
ALTER TABLE
ALTER TABLE
ALTER TABLE
ALTER TABLE
ALTER TABLE
DROP SEQUENCE
DROP TABLE
DROP SEQUENCE
DROP TABLE
DROP SEQUENCE
DROP TABLE
DROP SEQUENCE
DROP TABLE
DROP SEQUENCE
DROP TABLE
DROP SEQUENCE
DROP TABLE
DROP SEQUENCE
DROP TABLE
DROP SEQUENCE
DROP TABLE
DROP SEQUENCE
DROP TABLE
DROP SEQUENCE
DROP TABLE
DROP SEQUENCE
DROP TABLE
DROP SEQUENCE
DROP TABLE
DROP SEQUENCE
DROP TABLE
DROP SEQUENCE
DROP TABLE
DROP SEQUENCE
DROP TABLE
DROP SEQUENCE
DROP TABLE
DROP SEQUENCE
DROP TABLE
DROP SEQUENCE
DROP TABLE
DROP SEQUENCE
DROP TABLE
DROP SEQUENCE
DROP TABLE
DROP SEQUENCE
DROP TABLE
DROP SEQUENCE
DROP TABLE
DROP SEQUENCE
DROP TABLE
DROP SEQUENCE
DROP TABLE
DROP SEQUENCE
DROP TABLE
DROP TABLE
SET
SET
CREATE TABLE
CREATE TABLE
CREATE SEQUENCE
ALTER SEQUENCE
CREATE TABLE
CREATE SEQUENCE
ALTER SEQUENCE
CREATE TABLE
CREATE SEQUENCE
ALTER SEQUENCE
CREATE TABLE
CREATE SEQUENCE
ALTER SEQUENCE
CREATE TABLE
CREATE SEQUENCE
ALTER SEQUENCE
CREATE TABLE
CREATE SEQUENCE
ALTER SEQUENCE
CREATE TABLE
CREATE SEQUENCE
ALTER SEQUENCE
CREATE TABLE
CREATE SEQUENCE
ALTER SEQUENCE
CREATE TABLE
CREATE SEQUENCE
ALTER SEQUENCE
CREATE TABLE
CREATE SEQUENCE
ALTER SEQUENCE
CREATE TABLE
CREATE SEQUENCE
ALTER SEQUENCE
CREATE TABLE
CREATE SEQUENCE
ALTER SEQUENCE
CREATE TABLE
CREATE SEQUENCE
ALTER SEQUENCE
CREATE TABLE
CREATE SEQUENCE
ALTER SEQUENCE
CREATE TABLE
CREATE SEQUENCE
ALTER SEQUENCE
CREATE TABLE
CREATE SEQUENCE
ALTER SEQUENCE
CREATE TABLE
CREATE SEQUENCE
ALTER SEQUENCE
CREATE TABLE
CREATE SEQUENCE
ALTER SEQUENCE
CREATE TABLE
CREATE SEQUENCE
ALTER SEQUENCE
CREATE TABLE
CREATE SEQUENCE
ALTER SEQUENCE
CREATE TABLE
CREATE SEQUENCE
ALTER SEQUENCE
CREATE TABLE
CREATE SEQUENCE
ALTER SEQUENCE
CREATE TABLE
CREATE SEQUENCE
ALTER SEQUENCE
CREATE TABLE
CREATE SEQUENCE
ALTER SEQUENCE
CREATE TABLE
CREATE SEQUENCE
ALTER SEQUENCE
ALTER TABLE
ALTER TABLE
ALTER TABLE
ALTER TABLE
ALTER TABLE
ALTER TABLE
ALTER TABLE
ALTER TABLE
ALTER TABLE
ALTER TABLE
ALTER TABLE
ALTER TABLE
ALTER TABLE
ALTER TABLE
ALTER TABLE
ALTER TABLE
ALTER TABLE
ALTER TABLE
ALTER TABLE
ALTER TABLE
ALTER TABLE
ALTER TABLE
ALTER TABLE
ALTER TABLE
ALTER TABLE
COPY 3
COPY 0
COPY 282
COPY 109
COPY 25
COPY 7
COPY 0
COPY 71
COPY 5
COPY 47
COPY 75
COPY 20
COPY 10
COPY 0
COPY 30
COPY 20
COPY 0
COPY 0
COPY 0
COPY 0
COPY 0
COPY 4
COPY 0
COPY 0
COPY 1
COPY 35
 setval 
--------
      1
(1 row)

 setval 
--------
    686
(1 row)

 setval 
--------
    269
(1 row)

 setval 
--------
     35
(1 row)

 setval 
--------
     11
(1 row)

 setval 
--------
      1
(1 row)

 setval 
--------
    183
(1 row)

 setval 
--------
      1
(1 row)

 setval 
--------
     98
(1 row)

 setval 
--------
    150
(1 row)

 setval 
--------
     20
(1 row)

 setval 
--------
     10
(1 row)

 setval 
--------
      1
(1 row)

 setval 
--------
     30
(1 row)

 setval 
--------
     20
(1 row)

 setval 
--------
      1
(1 row)

 setval 
--------
      1
(1 row)

 setval 
--------
      1
(1 row)

 setval 
--------
      1
(1 row)

 setval 
--------
      1
(1 row)

 setval 
--------
      5
(1 row)

 setval 
--------
      1
(1 row)

 setval 
--------
      1
(1 row)

 setval 
--------
      2
(1 row)

 setval 
--------
     35
(1 row)

ALTER TABLE
ALTER TABLE
ALTER TABLE
ALTER TABLE
ALTER TABLE
ALTER TABLE
ALTER TABLE
ALTER TABLE
ALTER TABLE
ALTER TABLE
ALTER TABLE
ALTER TABLE
ALTER TABLE
ALTER TABLE
ALTER TABLE
ALTER TABLE
ALTER TABLE
ALTER TABLE
ALTER TABLE
ALTER TABLE
ALTER TABLE
ALTER TABLE
ALTER TABLE
ALTER TABLE
ALTER TABLE
ALTER TABLE
ALTER TABLE
CREATE INDEX
CREATE INDEX
CREATE INDEX
CREATE INDEX
CREATE INDEX
CREATE INDEX
CREATE INDEX
CREATE INDEX
CREATE INDEX
CREATE INDEX
CREATE INDEX
CREATE INDEX
CREATE INDEX
CREATE INDEX
CREATE INDEX
CREATE INDEX
CREATE INDEX
CREATE INDEX
CREATE INDEX
CREATE INDEX
CREATE INDEX
CREATE INDEX
CREATE INDEX
CREATE INDEX
CREATE INDEX
CREATE INDEX
CREATE INDEX
CREATE INDEX
CREATE INDEX
CREATE INDEX
CREATE INDEX
CREATE INDEX
CREATE INDEX
CREATE INDEX
CREATE INDEX
CREATE INDEX
CREATE INDEX
CREATE INDEX
CREATE INDEX
CREATE INDEX
CREATE INDEX
CREATE INDEX
CREATE INDEX
CREATE INDEX
CREATE INDEX
CREATE INDEX
CREATE INDEX
CREATE INDEX
CREATE INDEX
CREATE INDEX
CREATE INDEX
CREATE INDEX
CREATE INDEX
CREATE INDEX
CREATE INDEX
CREATE INDEX
CREATE INDEX
CREATE INDEX
ALTER TABLE
ALTER TABLE
ALTER TABLE
ALTER TABLE
ALTER TABLE
ALTER TABLE
ALTER TABLE
ALTER TABLE
ALTER TABLE
ALTER TABLE
ALTER TABLE
ALTER TABLE
ALTER TABLE
ALTER TABLE
ALTER TABLE
ALTER TABLE
ALTER TABLE
ALTER TABLE
ALTER TABLE
ALTER TABLE
ALTER TABLE
ALTER TABLE
ALTER TABLE
ALTER TABLE
ALTER TABLE
ALTER TABLE
ALTER TABLE
[0;32m[2025-11-26 16:50:54] ✓[0m Database restored successfully
[0;34m[2025-11-26 16:50:54][0m Step 6/7: Verifying destination database...
[0;34m[2025-11-26 16:50:55][0m Destination tables:     26
[0;34m[2025-11-26 16:50:55][0m Destination total rows:  744
[0;32m[2025-11-26 16:50:55] ✓[0m Data verification PASSED - All tables and rows match!
[0;34m[2025-11-26 16:50:55][0m Step 7/7: Verifying sample data integrity...
[0;32m[2025-11-26 16:50:55] ✓[0m Users table verified:     35 records
[0;32m[2025-11-26 16:50:56] ✓[0m Contracts table verified:     47 records
[0;34m[2025-11-26 16:50:56][0m Cleaning up old backups (keeping last 7 days)...
[0;32m[2025-11-26 16:50:56] ✓[0m =========================================
[0;32m[2025-11-26 16:50:56] ✓[0m DATABASE MIGRATION COMPLETED SUCCESSFULLY
[0;32m[2025-11-26 16:50:56] ✓[0m =========================================
[0;34m[2025-11-26 16:50:56][0m Source Database: plp_contract_agreement
[0;34m[2025-11-26 16:50:56][0m   - Tables:     26
[0;34m[2025-11-26 16:50:56][0m   - Total Rows:  744
[0;34m[2025-11-26 16:50:56][0m   - Users:     35
[0;34m[2025-11-26 16:50:56][0m   - Contracts:     47
[0;34m[2025-11-26 16:50:56][0m 
[0;34m[2025-11-26 16:50:56][0m Destination Database: ped_contract_agreement_web
[0;34m[2025-11-26 16:50:56][0m   - Tables:     26
[0;34m[2025-11-26 16:50:56][0m   - Total Rows:  744
[0;34m[2025-11-26 16:50:56][0m   - Users:     35
[0;34m[2025-11-26 16:50:56][0m   - Contracts:     47
[0;34m[2025-11-26 16:50:56][0m 
[0;34m[2025-11-26 16:50:56][0m Backup File: /Users/chhinhsovath/Documents/GitHub/plp-contract-agreement/backups/migration_20251126_165025.sql
[0;34m[2025-11-26 16:50:56][0m Log File: /Users/chhinhsovath/Documents/GitHub/plp-contract-agreement/logs/migration_20251126_165025.log
[0;32m[2025-11-26 16:50:56] ✓[0m =========================================
